2026-02-24 00:13:21 - Commencing graceful shutdown. Waiting for active requests to complete
2026-02-24 00:13:21 - Graceful shutdown complete
2026-02-24 00:13:21 - Closing JPA EntityManagerFactory for persistence unit 'default'
2026-02-24 00:13:21 - HikariPool-1 - Shutdown initiated...
2026-02-24 00:13:21 - HikariPool-1 - Shutdown completed.
2026-02-24 09:17:01 - Starting ExpenseManagerApplication using Java 21.0.9 with PID 7188 (C:\Users\DELL\IdeaProjects\expense_manager\expense_manager\build\classes\java\main started by DELL in C:\Users\DELL\IdeaProjects\expense_manager)
2026-02-24 09:17:01 - No active profile set, falling back to 1 default profile: "default"
2026-02-24 09:17:02 - Bootstrapping Spring Data JPA repositories in DEFAULT mode.
2026-02-24 09:17:02 - Finished Spring Data repository scanning in 72 ms. Found 3 JPA repository interfaces.
2026-02-24 09:17:03 - Tomcat initialized with port 8080 (http)
2026-02-24 09:17:03 - Initializing ProtocolHandler ["http-nio-8080"]
2026-02-24 09:17:03 - Starting service [Tomcat]
2026-02-24 09:17:03 - Starting Servlet engine: [Apache Tomcat/11.0.15]
2026-02-24 09:17:03 - Root WebApplicationContext: initialization completed in 2023 ms
2026-02-24 09:17:04 - No LoadTimeWeaver setup: ignoring JPA class transformer
2026-02-24 09:17:04 - HikariPool-1 - Starting...
2026-02-24 09:17:05 - HikariPool-1 - Added connection com.mysql.cj.jdbc.ConnectionImpl@76134251
2026-02-24 09:17:05 - HikariPool-1 - Start completed.
2026-02-24 09:17:07 - Initialized JPA EntityManagerFactory for persistence unit 'default'
2026-02-24 09:17:07 - Hibernate is in classpath; If applicable, HQL parser will be used.
2026-02-24 09:17:07 - spring.jpa.open-in-view is enabled by default. Therefore, database queries may be performed during view rendering. Explicitly configure spring.jpa.open-in-view to disable this warning
2026-02-24 09:17:07 - 

Using generated security password: 009da98f-1ccc-413c-9153-2eea93db7195

This generated password is for development use only. Your security configuration must be updated before running your application in production.

2026-02-24 09:17:07 - Global AuthenticationManager configured with UserDetailsService bean with name inMemoryUserDetailsManager
2026-02-24 09:17:08 - 22 mappings in 'requestMappingHandlerMapping'
2026-02-24 09:17:08 - Patterns [/webjars/**, /**] in 'resourceHandlerMapping'
2026-02-24 09:17:08 - ControllerAdvice beans: 0 @ModelAttribute, 0 @InitBinder, 2 RequestBodyAdvice, 1 ResponseBodyAdvice
2026-02-24 09:17:08 - ControllerAdvice beans: 1 @ExceptionHandler, 1 ResponseBodyAdvice
2026-02-24 09:17:08 - Starting ProtocolHandler ["http-nio-8080"]
2026-02-24 09:17:08 - Tomcat started on port 8080 (http) with context path '/'
2026-02-24 09:17:08 - Started ExpenseManagerApplication in 8.933 seconds (process running for 10.268)
2026-02-24 09:17:20 - Initializing Spring DispatcherServlet 'dispatcherServlet'
2026-02-24 09:17:20 - Initializing Servlet 'dispatcherServlet'
2026-02-24 09:17:20 - Detected StandardServletMultipartResolver
2026-02-24 09:17:20 - Detected AcceptHeaderLocaleResolver
2026-02-24 09:17:20 - Detected org.springframework.web.servlet.view.DefaultRequestToViewNameTranslator@2a3251ad
2026-02-24 09:17:20 - Detected org.springframework.web.servlet.support.SessionFlashMapManager@53741683
2026-02-24 09:17:20 - enableLoggingRequestDetails='false': request parameters and headers will be masked to prevent unsafe logging of potentially sensitive data
2026-02-24 09:17:20 - Completed initialization in 2 ms
2026-02-24 09:17:20 - GET "/api/accounts/login", parameters={}
2026-02-24 09:17:20 - Mapped to com.talent.expense_manager.expense_manager.controller.AccountController#login(AccountRequest)
2026-02-24 09:17:20 - Read "application/json;charset=UTF-8" to [com.talent.expense_manager.expense_manager.request.AccountRequest@16f501]
2026-02-24 09:17:20 - Login attempt for account: null
2026-02-24 09:17:22 - Login successful for account: 09425289982
2026-02-24 09:17:22 - Using 'application/json', given [application/json, text/plain, */*] and supported [application/json, application/*+json]
2026-02-24 09:17:22 - Writing [com.talent.expense_manager.expense_manager.response.BaseResponse@3a42f591]
2026-02-24 09:17:22 - Completed 201 CREATED
2026-02-24 09:18:16 - GET "/api/accounts/login", parameters={}
2026-02-24 09:18:16 - Mapped to com.talent.expense_manager.expense_manager.controller.AccountController#login(AccountRequest)
2026-02-24 09:18:16 - Read "application/json;charset=UTF-8" to [com.talent.expense_manager.expense_manager.request.AccountRequest@411fe48e]
2026-02-24 09:18:16 - Login attempt for account: null
2026-02-24 09:18:17 - Using @ExceptionHandler com.talent.expense_manager.expense_manager.exception.GlobalExceptionHandler#handleException(RuntimeException)
2026-02-24 09:18:17 - Using 'application/json', given [application/json, text/plain, */*] and supported [application/json, application/*+json]
2026-02-24 09:18:17 - Writing [com.talent.expense_manager.expense_manager.response.BaseResponse@6fe15870]
2026-02-24 09:18:17 - Resolved [java.lang.RuntimeException: Invalid password]
2026-02-24 09:18:17 - Completed 201 CREATED
2026-02-24 09:30:30 - Commencing graceful shutdown. Waiting for active requests to complete
2026-02-24 09:30:30 - Graceful shutdown complete
2026-02-24 09:30:30 - Closing JPA EntityManagerFactory for persistence unit 'default'
2026-02-24 09:30:30 - HikariPool-1 - Shutdown initiated...
2026-02-24 09:30:31 - HikariPool-1 - Shutdown completed.
2026-02-24 09:30:39 - Starting ExpenseManagerApplication using Java 21.0.9 with PID 22376 (C:\Users\DELL\IdeaProjects\expense_manager\expense_manager\build\classes\java\main started by DELL in C:\Users\DELL\IdeaProjects\expense_manager)
2026-02-24 09:30:39 - No active profile set, falling back to 1 default profile: "default"
2026-02-24 09:30:40 - Bootstrapping Spring Data JPA repositories in DEFAULT mode.
2026-02-24 09:30:40 - Finished Spring Data repository scanning in 73 ms. Found 3 JPA repository interfaces.
2026-02-24 09:30:41 - Tomcat initialized with port 8080 (http)
2026-02-24 09:30:41 - Initializing ProtocolHandler ["http-nio-8080"]
2026-02-24 09:30:41 - Starting service [Tomcat]
2026-02-24 09:30:41 - Starting Servlet engine: [Apache Tomcat/11.0.15]
2026-02-24 09:30:41 - Root WebApplicationContext: initialization completed in 1686 ms
2026-02-24 09:30:42 - No LoadTimeWeaver setup: ignoring JPA class transformer
2026-02-24 09:30:42 - HikariPool-1 - Starting...
2026-02-24 09:30:42 - HikariPool-1 - Added connection com.mysql.cj.jdbc.ConnectionImpl@2e7517aa
2026-02-24 09:30:42 - HikariPool-1 - Start completed.
2026-02-24 09:30:44 - Initialized JPA EntityManagerFactory for persistence unit 'default'
2026-02-24 09:30:44 - Hibernate is in classpath; If applicable, HQL parser will be used.
2026-02-24 09:30:44 - spring.jpa.open-in-view is enabled by default. Therefore, database queries may be performed during view rendering. Explicitly configure spring.jpa.open-in-view to disable this warning
2026-02-24 09:30:44 - 

Using generated security password: eaa36f79-ae43-4ae0-8398-5012febd0d6b

This generated password is for development use only. Your security configuration must be updated before running your application in production.

2026-02-24 09:30:44 - Global AuthenticationManager configured with UserDetailsService bean with name inMemoryUserDetailsManager
2026-02-24 09:30:44 - 22 mappings in 'requestMappingHandlerMapping'
2026-02-24 09:30:45 - Patterns [/webjars/**, /**] in 'resourceHandlerMapping'
2026-02-24 09:30:45 - ControllerAdvice beans: 0 @ModelAttribute, 0 @InitBinder, 2 RequestBodyAdvice, 1 ResponseBodyAdvice
2026-02-24 09:30:45 - ControllerAdvice beans: 1 @ExceptionHandler, 1 ResponseBodyAdvice
2026-02-24 09:30:45 - Starting ProtocolHandler ["http-nio-8080"]
2026-02-24 09:30:45 - Tomcat started on port 8080 (http) with context path '/'
2026-02-24 09:30:45 - Started ExpenseManagerApplication in 6.43 seconds (process running for 7.733)
2026-02-24 09:43:00 - Commencing graceful shutdown. Waiting for active requests to complete
2026-02-24 09:43:00 - Graceful shutdown complete
2026-02-24 09:43:00 - Closing JPA EntityManagerFactory for persistence unit 'default'
2026-02-24 09:43:01 - HikariPool-1 - Shutdown initiated...
2026-02-24 09:43:01 - HikariPool-1 - Shutdown completed.
2026-02-24 09:43:08 - Starting ExpenseManagerApplication using Java 21.0.9 with PID 11112 (C:\Users\DELL\IdeaProjects\expense_manager\expense_manager\build\classes\java\main started by DELL in C:\Users\DELL\IdeaProjects\expense_manager)
2026-02-24 09:43:08 - No active profile set, falling back to 1 default profile: "default"
2026-02-24 09:43:09 - Bootstrapping Spring Data JPA repositories in DEFAULT mode.
2026-02-24 09:43:09 - Finished Spring Data repository scanning in 64 ms. Found 3 JPA repository interfaces.
2026-02-24 09:43:10 - Tomcat initialized with port 8080 (http)
2026-02-24 09:43:10 - Initializing ProtocolHandler ["http-nio-8080"]
2026-02-24 09:43:10 - Starting service [Tomcat]
2026-02-24 09:43:10 - Starting Servlet engine: [Apache Tomcat/11.0.15]
2026-02-24 09:43:10 - Root WebApplicationContext: initialization completed in 2010 ms
2026-02-24 09:43:11 - No LoadTimeWeaver setup: ignoring JPA class transformer
2026-02-24 09:43:11 - HikariPool-1 - Starting...
2026-02-24 09:43:12 - HikariPool-1 - Added connection com.mysql.cj.jdbc.ConnectionImpl@767b9d66
2026-02-24 09:43:12 - HikariPool-1 - Start completed.
2026-02-24 09:43:13 - Initialized JPA EntityManagerFactory for persistence unit 'default'
2026-02-24 09:43:13 - Hibernate is in classpath; If applicable, HQL parser will be used.
2026-02-24 09:43:14 - spring.jpa.open-in-view is enabled by default. Therefore, database queries may be performed during view rendering. Explicitly configure spring.jpa.open-in-view to disable this warning
2026-02-24 09:43:14 - 

Using generated security password: 93358156-1567-411f-bfbc-36895a0ded42

This generated password is for development use only. Your security configuration must be updated before running your application in production.

2026-02-24 09:43:14 - Global AuthenticationManager configured with UserDetailsService bean with name inMemoryUserDetailsManager
2026-02-24 09:43:14 - 22 mappings in 'requestMappingHandlerMapping'
2026-02-24 09:43:14 - Patterns [/webjars/**, /**] in 'resourceHandlerMapping'
2026-02-24 09:43:14 - ControllerAdvice beans: 0 @ModelAttribute, 0 @InitBinder, 2 RequestBodyAdvice, 1 ResponseBodyAdvice
2026-02-24 09:43:14 - ControllerAdvice beans: 1 @ExceptionHandler, 1 ResponseBodyAdvice
2026-02-24 09:43:15 - Starting ProtocolHandler ["http-nio-8080"]
2026-02-24 09:43:15 - Tomcat started on port 8080 (http) with context path '/'
2026-02-24 09:43:15 - Started ExpenseManagerApplication in 7.688 seconds (process running for 8.733)
2026-02-24 09:43:28 - Starting ExpenseManagerApplicationTests using Java 21.0.9 with PID 11140 (started by DELL in C:\Users\DELL\IdeaProjects\expense_manager\expense_manager)
2026-02-24 09:43:28 - No active profile set, falling back to 1 default profile: "default"
2026-02-24 09:43:28 - Refreshing org.springframework.web.context.support.GenericWebApplicationContext@106d77da
2026-02-24 09:43:29 - Bootstrapping Spring Data JPA repositories in DEFAULT mode.
2026-02-24 09:43:29 - Finished Spring Data repository scanning in 61 ms. Found 3 JPA repository interfaces.
2026-02-24 09:43:31 - No LoadTimeWeaver setup: ignoring JPA class transformer
2026-02-24 09:43:31 - HikariPool-1 - Starting...
2026-02-24 09:43:32 - HikariPool-1 - Added connection com.mysql.cj.jdbc.ConnectionImpl@56226064
2026-02-24 09:43:32 - HikariPool-1 - Start completed.
2026-02-24 09:43:33 - Initialized JPA EntityManagerFactory for persistence unit 'default'
2026-02-24 09:43:33 - Hibernate is in classpath; If applicable, HQL parser will be used.
2026-02-24 09:43:34 - spring.jpa.open-in-view is enabled by default. Therefore, database queries may be performed during view rendering. Explicitly configure spring.jpa.open-in-view to disable this warning
2026-02-24 09:43:34 - 

Using generated security password: ea68dc4f-f8e4-47fc-9175-9f146838c21e

This generated password is for development use only. Your security configuration must be updated before running your application in production.

2026-02-24 09:43:34 - Global AuthenticationManager configured with UserDetailsService bean with name inMemoryUserDetailsManager
2026-02-24 09:43:35 - 22 mappings in 'requestMappingHandlerMapping'
2026-02-24 09:43:35 - Patterns [/webjars/**, /**] in 'resourceHandlerMapping'
2026-02-24 09:43:35 - ControllerAdvice beans: 0 @ModelAttribute, 0 @InitBinder, 2 RequestBodyAdvice, 1 ResponseBodyAdvice
2026-02-24 09:43:35 - ControllerAdvice beans: 1 @ExceptionHandler, 1 ResponseBodyAdvice
2026-02-24 09:43:36 - Started ExpenseManagerApplicationTests in 7.677 seconds (process running for 9.415)
2026-02-24 09:43:36 - Closing org.springframework.web.context.support.GenericWebApplicationContext@106d77da, started on Tue Feb 24 09:43:28 MMT 2026
2026-02-24 09:43:36 - Closing JPA EntityManagerFactory for persistence unit 'default'
2026-02-24 09:43:36 - HikariPool-1 - Shutdown initiated...
2026-02-24 09:43:36 - HikariPool-1 - Shutdown completed.
2026-02-24 09:43:48 - Commencing graceful shutdown. Waiting for active requests to complete
2026-02-24 09:43:48 - Graceful shutdown complete
2026-02-24 09:43:48 - Closing JPA EntityManagerFactory for persistence unit 'default'
2026-02-24 09:43:48 - HikariPool-1 - Shutdown initiated...
2026-02-24 09:43:48 - HikariPool-1 - Shutdown completed.
2026-02-24 09:43:51 - Starting ExpenseManagerApplication using Java 21.0.9 with PID 18840 (C:\Users\DELL\IdeaProjects\expense_manager\expense_manager\build\classes\java\main started by DELL in C:\Users\DELL\IdeaProjects\expense_manager)
2026-02-24 09:43:51 - No active profile set, falling back to 1 default profile: "default"
2026-02-24 09:43:52 - Bootstrapping Spring Data JPA repositories in DEFAULT mode.
2026-02-24 09:43:52 - Finished Spring Data repository scanning in 42 ms. Found 3 JPA repository interfaces.
2026-02-24 09:43:52 - Tomcat initialized with port 8080 (http)
2026-02-24 09:43:52 - Initializing ProtocolHandler ["http-nio-8080"]
2026-02-24 09:43:52 - Starting service [Tomcat]
2026-02-24 09:43:52 - Starting Servlet engine: [Apache Tomcat/11.0.15]
2026-02-24 09:43:52 - Root WebApplicationContext: initialization completed in 1238 ms
2026-02-24 09:43:53 - No LoadTimeWeaver setup: ignoring JPA class transformer
2026-02-24 09:43:53 - HikariPool-1 - Starting...
2026-02-24 09:43:53 - HikariPool-1 - Added connection com.mysql.cj.jdbc.ConnectionImpl@59aa1d1c
2026-02-24 09:43:53 - HikariPool-1 - Start completed.
2026-02-24 09:43:54 - Initialized JPA EntityManagerFactory for persistence unit 'default'
2026-02-24 09:43:54 - Hibernate is in classpath; If applicable, HQL parser will be used.
2026-02-24 09:43:55 - spring.jpa.open-in-view is enabled by default. Therefore, database queries may be performed during view rendering. Explicitly configure spring.jpa.open-in-view to disable this warning
2026-02-24 09:43:55 - 

Using generated security password: 2335fb74-3b7c-4d41-8625-459c2189b6ae

This generated password is for development use only. Your security configuration must be updated before running your application in production.

2026-02-24 09:43:55 - Global AuthenticationManager configured with UserDetailsService bean with name inMemoryUserDetailsManager
2026-02-24 09:43:55 - 22 mappings in 'requestMappingHandlerMapping'
2026-02-24 09:43:55 - Patterns [/webjars/**, /**] in 'resourceHandlerMapping'
2026-02-24 09:43:55 - ControllerAdvice beans: 0 @ModelAttribute, 0 @InitBinder, 2 RequestBodyAdvice, 1 ResponseBodyAdvice
2026-02-24 09:43:55 - ControllerAdvice beans: 1 @ExceptionHandler, 1 ResponseBodyAdvice
2026-02-24 09:43:55 - Starting ProtocolHandler ["http-nio-8080"]
2026-02-24 09:43:55 - Tomcat started on port 8080 (http) with context path '/'
2026-02-24 09:43:55 - Started ExpenseManagerApplication in 4.884 seconds (process running for 5.638)
2026-02-24 09:44:32 - Initializing Spring DispatcherServlet 'dispatcherServlet'
2026-02-24 09:44:32 - Initializing Servlet 'dispatcherServlet'
2026-02-24 09:44:32 - Detected StandardServletMultipartResolver
2026-02-24 09:44:32 - Detected AcceptHeaderLocaleResolver
2026-02-24 09:44:32 - Detected org.springframework.web.servlet.view.DefaultRequestToViewNameTranslator@2f7e2481
2026-02-24 09:44:32 - Detected org.springframework.web.servlet.support.SessionFlashMapManager@7a68818c
2026-02-24 09:44:32 - enableLoggingRequestDetails='false': request parameters and headers will be masked to prevent unsafe logging of potentially sensitive data
2026-02-24 09:44:32 - Completed initialization in 5 ms
2026-02-24 09:44:32 - POST "/api/accounts/register", parameters={}
2026-02-24 09:44:32 - Mapped to com.talent.expense_manager.expense_manager.controller.AccountController#createAccount(AccountRequest)
2026-02-24 09:44:32 - Read "application/json;charset=UTF-8" to [com.talent.expense_manager.expense_manager.request.AccountRequest@35585ca7]
2026-02-24 09:44:32 - API Started: AccountController.createAccount(..)
2026-02-24 09:44:34 - API Completed: AccountController.createAccount(..)
2026-02-24 09:44:34 - Using 'application/json', given [application/json, text/plain, */*] and supported [application/json, application/*+json]
2026-02-24 09:44:34 - Writing [com.talent.expense_manager.expense_manager.response.BaseResponse@49d4a23d]
2026-02-24 09:44:34 - Completed 201 CREATED
